<?xml version="1.0" encoding="UTF-8"?>
<!-- Generated by org.testng.reporters.JUnitReportReporter -->
<testsuite skipped="0" hostname="Jasimuddin" name="MavenProject.FirstMavenE2EProject.ApiumTest" tests="2" failures="0" timestamp="04 Oct 2021 21:09:44 GMT" time="0.000" errors="0">
  <testcase name="ios" time="0.000" classname="MavenProject.FirstMavenE2EProject.ApiumTest"/>
  <testcase name="anroid" time="0.000" classname="MavenProject.FirstMavenE2EProject.ApiumTest"/>
</testsuite> <!-- MavenProject.FirstMavenE2EProject.ApiumTest -->
