<?xml version="1.0" encoding="UTF-8"?>
<!-- Generated by org.testng.reporters.JUnitReportReporter -->
<testsuite skipped="0" hostname="Jasimuddin" name="MavenProject.FirstMavenE2EProject.RestAssuredTest" tests="2" failures="0" timestamp="04 Oct 2021 21:08:51 GMT" time="0.001" errors="0">
  <testcase name="twitterdelete" time="0.000" classname="MavenProject.FirstMavenE2EProject.RestAssuredTest"/>
  <testcase name="jiraPost" time="0.001" classname="MavenProject.FirstMavenE2EProject.RestAssuredTest"/>
</testsuite> <!-- MavenProject.FirstMavenE2EProject.RestAssuredTest -->
